Destroying (test):
    pulumi:pulumi:Stack runpod-sst-test-test  warning: using pulumi-resource-runpod from $PATH at /Users/zackmckenna/go/bin/pulumi-resource-runpod

    pulumi:pulumi:Stack runpod-sst-test-test  warning: using pulumi-resource-runpod from $PATH at /Users/zackmckenna/go/bin/pulumi-resource-runpod
 -  runpod:index:Endpoint sst-test-endpoint deleting (0s) 
@ destroying....
 -  runpod:index:Endpoint sst-test-endpoint deleted (0.44s) 
 -  runpod:index:NetworkVolume sst-test-volume deleting (0s) 
 -  runpod:index:Template sst-test-template deleting (0s) 
 -  runpod:index:ContainerRegistryAuth sst-test-registry deleting (0s) 
 -  runpod:index:Secret sst-test-secret deleting (0s) 
 -  runpod:index:Pod sst-test-pod deleting (0s) 
 -  runpod:index:Secret sst-test-secret deleted (0.30s) 
 -  runpod:index:ContainerRegistryAuth sst-test-registry deleted (0.33s) 
 -  runpod:index:Template sst-test-template deleted (0.35s) 
 -  runpod:index:NetworkVolume sst-test-volume deleted (0.36s) 
@ destroying....
 -  runpod:index:Pod sst-test-pod deleted (1s) 
 -  pulumi:providers:runpod runpod-dev deleting (0s) 
 -  pulumi:providers:runpod runpod-dev deleted (0.00s) 
 -  pulumi:pulumi:Stack runpod-sst-test-test deleting (0s) warning: using pulumi-resource-runpod from $PATH at /Users/zackmckenna/go/bin/pulumi-resource-runpod
 -  pulumi:pulumi:Stack runpod-sst-test-test deleted (0.00s) 2 warnings
Diagnostics:
  pulumi:pulumi:Stack (runpod-sst-test-test):
    warning: using pulumi-resource-runpod from $PATH at /Users/zackmckenna/go/bin/pulumi-resource-runpod
    warning: using pulumi-resource-runpod from $PATH at /Users/zackmckenna/go/bin/pulumi-resource-runpod

Outputs:
  - _protect       : false
  - endpointId     : "e8206z5acfresk"
  - networkVolumeId: "6j8ozs8kmi"
  - podId          : "nr3s0tpeuwu8ft"
  - registryAuthId : "cmlqu160p0003jx07ry8pu45h"
  - secretId       : "yevmrmvcm6"
  - templateId     : "is06j92hb1"

Resources:
    - 8 deleted

Duration: 3s

The resources in the stack have been deleted, but the history and configuration associated with the stack are still maintained. 
If you want to remove the stack completely, run `pulumi stack rm test`.
