time=2026-02-17T11:43:32.093-05:00 level=INFO msg="checking for pulumi" path="/Users/zackmckenna/Library/Application Support/sst/bin/pulumi"
time=2026-02-17T11:43:32.481-05:00 level=INFO msg="checking for bun" path="/Users/zackmckenna/Library/Application Support/sst/bin/bun"
time=2026-02-17T11:43:32.492-05:00 level=INFO msg="initializing project" version=3.18.7
time=2026-02-17T11:43:32.492-05:00 level=INFO msg="esbuild building" out=/Users/zackmckenna/Developer/work/pulumi-runpod/examples/sst/.sst/platform/sst.config.1771346612492.mjs
time=2026-02-17T11:43:32.501-05:00 level=INFO msg="esbuild built" outfile=/Users/zackmckenna/Developer/work/pulumi-runpod/examples/sst/.sst/platform/sst.config.1771346612492.mjs
time=2026-02-17T11:43:32.502-05:00 level=INFO msg="evaluating config"
time=2026-02-17T11:43:32.524-05:00 level=INFO msg="config evaluated"
time=2026-02-17T11:43:32.525-05:00 level=INFO msg="checking platform"
time=2026-02-17T11:43:32.525-05:00 level=INFO msg="loading home"
time=2026-02-17T11:43:32.525-05:00 level=INFO msg="loaded config" app=runpod-sst-test stage=test
time=2026-02-17T11:43:32.525-05:00 level=INFO msg="initializing ui" isTTY=false
time=2026-02-17T11:43:32.526-05:00 level=INFO msg="server port assigned" port=13558
time=2026-02-17T11:43:32.527-05:00 level=INFO msg="running stack command" service=project.run cmd=remove
time=2026-02-17T11:43:32.527-05:00 level=INFO msg=starting service=server
time=2026-02-17T11:43:32.528-05:00 level=INFO msg="INFO locking app=runpod-sst-test stage=test"
time=2026-02-17T11:43:32.528-05:00 level=INFO msg="INFO getting data key=lock app=runpod-sst-test stage=test"
time=2026-02-17T11:43:32.528-05:00 level=INFO msg="INFO putting update app=runpod-sst-test stage=test"
time=2026-02-17T11:43:32.528-05:00 level=INFO msg="INFO getting passphrase app=runpod-sst-test stage=test"
time=2026-02-17T11:43:32.528-05:00 level=INFO msg=server service=server addr=0.0.0.0:13558
time=2026-02-17T11:43:32.528-05:00 level=INFO msg="server ready to accept connections" service=server
time=2026-02-17T11:43:32.529-05:00 level=INFO msg="INFO pulling state app=runpod-sst-test stage=test out=/Users/zackmckenna/Developer/work/pulumi-runpod/examples/sst/.sst/pulumi/fe639383aed0a335cc1680bc/.pulumi/stacks/runpod-sst-test/test.json"
time=2026-02-17T11:43:32.627-05:00 level=INFO msg="got previous deployment" service=project.run updateID=fe639383aed0a335cc1680bc
time=2026-02-17T11:43:32.627-05:00 level=INFO msg="esbuild building" out=/Users/zackmckenna/Developer/work/pulumi-runpod/examples/sst/.sst/platform/sst.config.1771346612528.mjs
time=2026-02-17T11:43:32.633-05:00 level=INFO msg="esbuild built" outfile=/Users/zackmckenna/Developer/work/pulumi-runpod/examples/sst/.sst/platform/sst.config.1771346612528.mjs
time=2026-02-17T11:43:32.633-05:00 level=INFO msg="built sst.config.ts" service=project.run updateID=fe639383aed0a335cc1680bc to=/Users/zackmckenna/Developer/work/pulumi-runpod/examples/sst/.sst/platform/sst.config.1771346612528.mjs
time=2026-02-17T11:43:32.633-05:00 level=INFO msg="tracked files" service=project.run updateID=fe639383aed0a335cc1680bc
time=2026-02-17T11:43:32.633-05:00 level=INFO msg="INFO getting data key=secret app=runpod-sst-test stage=test"
time=2026-02-17T11:43:32.633-05:00 level=INFO msg="INFO getting data key=secret app=runpod-sst-test stage=_fallback"
time=2026-02-17T11:43:32.634-05:00 level=INFO msg="starting pulumi" service=project.run updateID=fe639383aed0a335cc1680bc args="[/Users/zackmckenna/Library/Application Support/sst/bin/pulumi destroy --yes -f --stack organization/runpod-sst-test/test --non-interactive --event-log /Users/zackmckenna/Developer/work/pulumi-runpod/examples/sst/.sst/pulumi/fe639383aed0a335cc1680bc/eventlog.json]"
time=2026-02-17T11:43:34.151-05:00 level=INFO msg="INFO pushing partial state updateID=fe639383aed0a335cc1680bc"
time=2026-02-17T11:43:34.451-05:00 level=INFO msg="INFO pushing partial state updateID=fe639383aed0a335cc1680bc"
time=2026-02-17T11:43:34.553-05:00 level=INFO msg="INFO pushing partial state updateID=fe639383aed0a335cc1680bc"
time=2026-02-17T11:43:35.788-05:00 level=INFO msg="INFO pushing partial state updateID=fe639383aed0a335cc1680bc"
time=2026-02-17T11:43:35.816-05:00 level=INFO msg="pulumi exited" service=project.run updateID=fe639383aed0a335cc1680bc err=<nil>
time=2026-02-17T11:43:35.816-05:00 level=INFO msg="eof and exited" service=project.run updateID=fe639383aed0a335cc1680bc eofs=0
time=2026-02-17T11:43:35.817-05:00 level=INFO msg="eof and exited" service=project.run updateID=fe639383aed0a335cc1680bc eofs=1
time=2026-02-17T11:43:35.817-05:00 level=INFO msg="breaking out of tail loop" service=project.run updateID=fe639383aed0a335cc1680bc
time=2026-02-17T11:43:35.817-05:00 level=INFO msg="parsing state" service=project.run updateID=fe639383aed0a335cc1680bc
time=2026-02-17T11:43:35.817-05:00 level=INFO msg="INFO pushing partial state updateID=fe639383aed0a335cc1680bc"
time=2026-02-17T11:43:35.817-05:00 level=INFO msg="generating types" root=/Users/zackmckenna/Developer/work/pulumi-runpod/examples/sst
time=2026-02-17T11:43:35.817-05:00 level=INFO msg="canceling partial" service=project.run updateID=fe639383aed0a335cc1680bc
time=2026-02-17T11:43:35.817-05:00 level=INFO msg="waiting for partial to exit" service=project.run updateID=fe639383aed0a335cc1680bc
time=2026-02-17T11:43:35.817-05:00 level=INFO msg="INFO pushing eventlog updateID=fe639383aed0a335cc1680bc"
time=2026-02-17T11:43:35.817-05:00 level=INFO msg="INFO pushing snapshot updateID=fe639383aed0a335cc1680bc"
time=2026-02-17T11:43:35.818-05:00 level=INFO msg="INFO putting update app=runpod-sst-test stage=test"
time=2026-02-17T11:43:35.818-05:00 level=INFO msg="done running stack command" service=project.run updateID=fe639383aed0a335cc1680bc resources=0
time=2026-02-17T11:43:35.821-05:00 level=INFO msg="INFO unlocking app=runpod-sst-test stage=test"
time=2026-02-17T11:43:35.821-05:00 level=INFO msg="shutting down server" service=server
time=2026-02-17T11:43:35.823-05:00 level=INFO msg="server done" service=server
